<?xml version="1.0" encoding="UTF-8"?><testsuite errors="1" failures="0" name="Feedback widget" skipped="0" tests="4" time="29.75" timestamp="2017-05-124 01:10:19"><testcase name="(feedback widget) Check that Feedback widget Elements are shown"/><testcase name="(feedback widget) Feedback widget Close button"/><testcase name="(feedback widget) [3.1.1 Feedback widget sanity]"/><testcase name="(feedback widget) Verification of allowed symbols in description"><error message="Timed out after 5 seconds. Element not available&#10;Build info: version: '2.53.1', revision: 'a36b8b1cd5757287168e54b817830adce9b0158d', time: '2016-06-30 19:26:09'&#10;System info: host: 'testing-docker-54b4f484-4a02-43d1-9759-7cc00cb53bd4', ip: '172.17.0.15', os.name: 'Linux', os.arch: 'amd64', os.version: '4.8.12-040812-generic', java.version: '1.8.0_31'&#10;Driver info: driver.version: unknown" type="org.openqa.selenium.ElementNotVisibleException">Timed out after 5 seconds. Element not available
Build info: version: '2.53.1', revision: 'a36b8b1cd5757287168e54b817830adce9b0158d', time: '2016-06-30 19:26:09'
System info: host: 'testing-docker-54b4f484-4a02-43d1-9759-7cc00cb53bd4', ip: '172.17.0.15', os.name: 'Linux', os.arch: 'amd64', os.version: '4.8.12-040812-generic', java.version: '1.8.0_31'
Driver info: driver.version: unknown</error><system-err>Timed out after 5 seconds. Element not available
Build info: version: '2.53.1', revision: 'a36b8b1cd5757287168e54b817830adce9b0158d', time: '2016-06-30 19:26:09'
System info: host: 'testing-docker-54b4f484-4a02-43d1-9759-7cc00cb53bd4', ip: '172.17.0.15', os.name: 'Linux', os.arch: 'amd64', os.version: '4.8.12-040812-generic', java.version: '1.8.0_31'
Driver info: driver.version: unknown
com.tkmdpa.taf.steps.AnyPageSteps.checkErrorEmailSentNotificationIsShown(AnyPageSteps.java:47)
com.tkmdpa.taf.definitions.products_and_docs.PD_Tutorials_WidgetsDefinition.checkFeedbackWasNotSent(PD_Tutorials_WidgetsDefinition.java:128)
</system-err></testcase></testsuite>