<?xml version="1.0" encoding="UTF-8"?><testsuite errors="0" failures="0" name="User log in" skipped="0" tests="3" time="36.27" timestamp="2017-05-124 12:48:37"><testcase name="(developer-acct.ticketmaster.com/user/login) Verification for general page's elements"/><testcase name="(developer-acct.ticketmaster.com/user/login) [2.2.3.2 Login - Username/Email field - enter invalid username]"/><testcase name="(developer-acct.ticketmaster.com/user/login) [2.2.3.8 Login - OpenID field - invalid OpenID]"/></testsuite>